<?xml version="1.0" encoding="UTF-8"?>
<testng-results ignored="0" total="1" passed="1" failed="0" skipped="0">
  <reporter-output>
  </reporter-output>
  <suite started-at="2024-02-14T18:11:36 IST" name="Default suite" finished-at="2024-02-14T18:11:39 IST" duration-ms="3578">
    <groups>
    </groups>
    <test started-at="2024-02-14T18:11:36 IST" name="Default test" finished-at="2024-02-14T18:11:39 IST" duration-ms="3578">
      <class name="tutorials.demo._02_Login">
        <test-method signature="LoginWithValidCredentials()[pri:0, instance:tutorials.demo._02_Login@2d52216b]" started-at="2024-02-14T18:11:36 IST" name="LoginWithValidCredentials" finished-at="2024-02-14T18:11:39 IST" duration-ms="3516" status="PASS">
          <reporter-output>
          </reporter-output>
        </test-method> <!-- LoginWithValidCredentials -->
      </class> <!-- tutorials.demo._02_Login -->
    </test> <!-- Default test -->
  </suite> <!-- Default suite -->
</testng-results>
