<?xml version="1.0" encoding="UTF-8"?>
<testng-results ignored="0" total="5" passed="5" failed="0" skipped="0">
  <reporter-output>
  </reporter-output>
  <suite started-at="2024-03-15T18:11:33 IST" name="Default suite" finished-at="2024-03-15T18:11:52 IST" duration-ms="19179">
    <groups>
    </groups>
    <test started-at="2024-03-15T18:11:33 IST" name="Default test" finished-at="2024-03-15T18:11:52 IST" duration-ms="19179">
      <class name="tutorials.demo._06_Annotations">
        <test-method is-config="true" signature="beforesuite()[pri:0, instance:tutorials.demo._06_Annotations@69e153c5]" started-at="2024-03-15T18:11:33 IST" name="beforesuite" finished-at="2024-03-15T18:11:33 IST" duration-ms="14" status="PASS">
          <reporter-output>
          </reporter-output>
        </test-method> <!-- beforesuite -->
        <test-method is-config="true" signature="beforetest()[pri:0, instance:tutorials.demo._06_Annotations@69e153c5]" started-at="2024-03-15T18:11:33 IST" name="beforetest" finished-at="2024-03-15T18:11:33 IST" duration-ms="4" status="PASS">
          <reporter-output>
          </reporter-output>
        </test-method> <!-- beforetest -->
        <test-method is-config="true" signature="beforeclass()[pri:0, instance:tutorials.demo._06_Annotations@69e153c5]" started-at="2024-03-15T18:11:33 IST" name="beforeclass" finished-at="2024-03-15T18:11:33 IST" duration-ms="2" status="PASS">
          <reporter-output>
          </reporter-output>
        </test-method> <!-- beforeclass -->
        <test-method is-config="true" signature="beforemethod()[pri:0, instance:tutorials.demo._06_Annotations@69e153c5]" started-at="2024-03-15T18:11:33 IST" name="beforemethod" finished-at="2024-03-15T18:11:38 IST" duration-ms="4645" status="PASS">
          <reporter-output>
          </reporter-output>
        </test-method> <!-- beforemethod -->
        <test-method signature="loginwithvalidcredentials()[pri:1, instance:tutorials.demo._06_Annotations@69e153c5]" started-at="2024-03-15T18:11:38 IST" name="loginwithvalidcredentials" finished-at="2024-03-15T18:11:39 IST" duration-ms="790" status="PASS">
          <reporter-output>
          </reporter-output>
        </test-method> <!-- loginwithvalidcredentials -->
        <test-method is-config="true" signature="aftermethod()[pri:0, instance:tutorials.demo._06_Annotations@69e153c5]" started-at="2024-03-15T18:11:39 IST" name="aftermethod" finished-at="2024-03-15T18:11:39 IST" duration-ms="281" status="PASS">
          <reporter-output>
          </reporter-output>
        </test-method> <!-- aftermethod -->
        <test-method is-config="true" signature="beforemethod()[pri:0, instance:tutorials.demo._06_Annotations@69e153c5]" started-at="2024-03-15T18:11:39 IST" name="beforemethod" finished-at="2024-03-15T18:11:41 IST" duration-ms="2376" status="PASS">
          <reporter-output>
          </reporter-output>
        </test-method> <!-- beforemethod -->
        <test-method signature="loginwithInvalidemail()[pri:2, instance:tutorials.demo._06_Annotations@69e153c5]" started-at="2024-03-15T18:11:41 IST" name="loginwithInvalidemail" finished-at="2024-03-15T18:11:42 IST" duration-ms="654" status="PASS">
          <reporter-output>
          </reporter-output>
        </test-method> <!-- loginwithInvalidemail -->
        <test-method is-config="true" signature="aftermethod()[pri:0, instance:tutorials.demo._06_Annotations@69e153c5]" started-at="2024-03-15T18:11:42 IST" name="aftermethod" finished-at="2024-03-15T18:11:42 IST" duration-ms="324" status="PASS">
          <reporter-output>
          </reporter-output>
        </test-method> <!-- aftermethod -->
        <test-method is-config="true" signature="beforemethod()[pri:0, instance:tutorials.demo._06_Annotations@69e153c5]" started-at="2024-03-15T18:11:42 IST" name="beforemethod" finished-at="2024-03-15T18:11:45 IST" duration-ms="2555" status="PASS">
          <reporter-output>
          </reporter-output>
        </test-method> <!-- beforemethod -->
        <test-method signature="loginwithInvalidpassword()[pri:3, instance:tutorials.demo._06_Annotations@69e153c5]" started-at="2024-03-15T18:11:45 IST" name="loginwithInvalidpassword" finished-at="2024-03-15T18:11:45 IST" duration-ms="644" status="PASS">
          <reporter-output>
          </reporter-output>
        </test-method> <!-- loginwithInvalidpassword -->
        <test-method is-config="true" signature="aftermethod()[pri:0, instance:tutorials.demo._06_Annotations@69e153c5]" started-at="2024-03-15T18:11:45 IST" name="aftermethod" finished-at="2024-03-15T18:11:46 IST" duration-ms="346" status="PASS">
          <reporter-output>
          </reporter-output>
        </test-method> <!-- aftermethod -->
        <test-method is-config="true" signature="beforemethod()[pri:0, instance:tutorials.demo._06_Annotations@69e153c5]" started-at="2024-03-15T18:11:46 IST" name="beforemethod" finished-at="2024-03-15T18:11:48 IST" duration-ms="2349" status="PASS">
          <reporter-output>
          </reporter-output>
        </test-method> <!-- beforemethod -->
        <test-method signature="loginwithInvalidcredentials()[pri:4, instance:tutorials.demo._06_Annotations@69e153c5]" started-at="2024-03-15T18:11:48 IST" name="loginwithInvalidcredentials" finished-at="2024-03-15T18:11:49 IST" duration-ms="667" status="PASS">
          <reporter-output>
          </reporter-output>
        </test-method> <!-- loginwithInvalidcredentials -->
        <test-method is-config="true" signature="aftermethod()[pri:0, instance:tutorials.demo._06_Annotations@69e153c5]" started-at="2024-03-15T18:11:49 IST" name="aftermethod" finished-at="2024-03-15T18:11:49 IST" duration-ms="292" status="PASS">
          <reporter-output>
          </reporter-output>
        </test-method> <!-- aftermethod -->
        <test-method is-config="true" signature="beforemethod()[pri:0, instance:tutorials.demo._06_Annotations@69e153c5]" started-at="2024-03-15T18:11:49 IST" name="beforemethod" finished-at="2024-03-15T18:11:51 IST" duration-ms="2389" status="PASS">
          <reporter-output>
          </reporter-output>
        </test-method> <!-- beforemethod -->
        <test-method signature="loginwithoutvalidcredentials()[pri:5, instance:tutorials.demo._06_Annotations@69e153c5]" started-at="2024-03-15T18:11:51 IST" name="loginwithoutvalidcredentials" finished-at="2024-03-15T18:11:52 IST" duration-ms="528" status="PASS">
          <reporter-output>
          </reporter-output>
        </test-method> <!-- loginwithoutvalidcredentials -->
        <test-method is-config="true" signature="aftermethod()[pri:0, instance:tutorials.demo._06_Annotations@69e153c5]" started-at="2024-03-15T18:11:52 IST" name="aftermethod" finished-at="2024-03-15T18:11:52 IST" duration-ms="258" status="PASS">
          <reporter-output>
          </reporter-output>
        </test-method> <!-- aftermethod -->
        <test-method is-config="true" signature="afterclass()[pri:0, instance:tutorials.demo._06_Annotations@69e153c5]" started-at="2024-03-15T18:11:52 IST" name="afterclass" finished-at="2024-03-15T18:11:52 IST" duration-ms="2" status="PASS">
          <reporter-output>
          </reporter-output>
        </test-method> <!-- afterclass -->
        <test-method is-config="true" signature="aftertest()[pri:0, instance:tutorials.demo._06_Annotations@69e153c5]" started-at="2024-03-15T18:11:52 IST" name="aftertest" finished-at="2024-03-15T18:11:52 IST" duration-ms="0" status="PASS">
          <reporter-output>
          </reporter-output>
        </test-method> <!-- aftertest -->
        <test-method is-config="true" signature="aftersuite()[pri:0, instance:tutorials.demo._06_Annotations@69e153c5]" started-at="2024-03-15T18:11:52 IST" name="aftersuite" finished-at="2024-03-15T18:11:52 IST" duration-ms="1" status="PASS">
          <reporter-output>
          </reporter-output>
        </test-method> <!-- aftersuite -->
      </class> <!-- tutorials.demo._06_Annotations -->
    </test> <!-- Default test -->
  </suite> <!-- Default suite -->
</testng-results>
