<?xml version="1.0" encoding="UTF-8"?>
<!-- Generated by org.testng.reporters.JUnitXMLReporter -->
<testsuite ignored="0" hostname="RW-LAP-014" failures="0" tests="12" name="testNG" time="23.46" errors="0" timestamp="2024-02-23T15:37:16 IST">
  <testcase classname="tutorials.demo._01_TestNG_Class" name="sample" time="0.017"/>
  <testcase classname="tutorials.demo._02_Login" name="LoginWithValidCredentials" time="17.826"/>
  <testcase classname="tutorials.demo._02_Login" name="LoginWithInvalidCredentials" time="5.43"/>
  <testcase classname="tutorials.demo._03_Priority_Attribute" name="Negative" time="0.007"/>
  <testcase classname="tutorials.demo._03_Priority_Attribute" name="demo" time="0.007"/>
  <testcase classname="tutorials.demo._03_Priority_Attribute" name="First" time="0.004"/>
  <testcase classname="tutorials.demo._03_Priority_Attribute" name="Second" time="0.0"/>
  <testcase classname="tutorials.demo._03_Priority_Attribute" name="Third" time="0.0"/>
  <testcase classname="tutorials.demo._03_Priority_Attribute" name="Fourth" time="0.001"/>
  <testcase classname="tutorials.demo._03_Priority_Attribute" name="Fifth" time="0.003"/>
  <testcase classname="tutorials.demo._03_Priority_Attribute" name="Eighth" time="0.0"/>
  <testcase classname="tutorials.demo._03_Priority_Attribute" name="seventh" time="0.004"/>
</testsuite> <!-- testNG -->
