<?xml version="1.0" encoding="UTF-8"?>
<!-- Generated by org.testng.reporters.JUnitXMLReporter -->
<testsuite ignored="0" hostname="RW-LAP-014" failures="0" tests="12" name="Test" time="0.206" errors="0" timestamp="2024-04-04T15:25:22 IST">
  <testcase classname="Groups._01_Register" name="registerByProvidingMandatoryFields" time="0.01"/>
  <testcase classname="Groups._01_Register" name="registerByProvidingAllFields" time="0.003"/>
  <testcase classname="Groups._01_Register" name="registerByNotProvidingAnyFields" time="0.004"/>
  <testcase classname="Groups._01_Register" name="registerByDuplicateEmail" time="0.016"/>
  <testcase classname="Groups._02_Login" name="loginwithvalidcredentials" time="0.007"/>
  <testcase classname="Groups._02_Login" name="loginwithInvalidemail" time="0.006"/>
  <testcase classname="Groups._02_Login" name="loginwithInvalidpassword" time="0.003"/>
  <testcase classname="Groups._02_Login" name="loginwthInvalidcredentials" time="0.002"/>
  <testcase classname="Groups._02_Login" name="loginwithoutprovidingcredentials" time="0.005"/>
  <testcase classname="Groups._03_Search" name="searchForValidProducts" time="0.002"/>
  <testcase classname="Groups._03_Search" name="searchForInValidProducts" time="0.001"/>
  <testcase classname="Groups._03_Search" name="searchWithoutAnyTerm" time="0.003"/>
</testsuite> <!-- Test -->
