<?xml version="1.0" encoding="UTF-8"?>
<!-- Generated by org.testng.reporters.JUnitXMLReporter -->
<testsuite ignored="7" hostname="RW-LAP-014" failures="0" tests="5" name="Test" time="0.142" errors="0" timestamp="2024-04-03T16:53:42 IST">
  <testcase classname="Groups._01_Register" name="registerByProvidingAllFields" time="0.021"/>
  <testcase classname="Groups._02_Login" name="loginwithvalidcredentials" time="0.002"/>
  <testcase classname="Groups._02_Login" name="loginwithoutprovidingcredentials" time="0.003"/>
  <testcase classname="Groups._03_Search" name="searchForValidProducts" time="0.004"/>
  <testcase classname="Groups._03_Search" name="searchWithoutAnyTerm" time="0.005"/>
  <testcase classname="Groups._01_Register" name="registerByNotProvidingAnyFields" time="0.0">
    <ignored/>
  </testcase> <!-- registerByNotProvidingAnyFields -->
  <testcase classname="Groups._01_Register" name="registerByProvidingMandatoryFields" time="0.0">
    <ignored/>
  </testcase> <!-- registerByProvidingMandatoryFields -->
  <testcase classname="Groups._02_Login" name="loginwithInvalidemail" time="0.0">
    <ignored/>
  </testcase> <!-- loginwithInvalidemail -->
  <testcase classname="Groups._02_Login" name="loginwithInvalidpassword" time="0.0">
    <ignored/>
  </testcase> <!-- loginwithInvalidpassword -->
  <testcase classname="Groups._03_Search" name="searchForInValidProducts" time="0.0">
    <ignored/>
  </testcase> <!-- searchForInValidProducts -->
  <testcase classname="Groups._01_Register" name="registerByDuplicateEmail" time="0.0">
    <ignored/>
  </testcase> <!-- registerByDuplicateEmail -->
  <testcase classname="Groups._02_Login" name="loginwthInvalidcredentials" time="0.0">
    <ignored/>
  </testcase> <!-- loginwthInvalidcredentials -->
</testsuite> <!-- Test -->
