<?xml version="1.0" encoding="UTF-8"?>
<!-- Generated by org.testng.reporters.JUnitXMLReporter -->
<testsuite ignored="0" hostname="RW-LAP-014" failures="0" tests="5" name="Default test" time="13.802" errors="0" timestamp="2024-03-14T18:17:58 IST">
  <testcase classname="tutorials.demo._06_Annotations" name="loginwithvalidcredentials" time="0.669"/>
  <testcase classname="tutorials.demo._06_Annotations" name="loginwithInvalidemail" time="0.527"/>
  <testcase classname="tutorials.demo._06_Annotations" name="loginwithInvalidpassword" time="0.005"/>
  <testcase classname="tutorials.demo._06_Annotations" name="loginwithInvalidcredentials" time="0.002"/>
  <testcase classname="tutorials.demo._06_Annotations" name="loginwithoutvalidcredentials" time="0.004"/>
</testsuite> <!-- Default test -->
