<?xml version="1.0" encoding="UTF-8"?>
<!-- Generated by org.testng.reporters.JUnitXMLReporter -->
<testsuite ignored="0" hostname="RW-LAP-014" failures="0" tests="5" name="Default test" time="0.101" errors="0" timestamp="2024-04-03T15:33:36 IST">
  <testcase classname="Groups._01_Login" name="loginwithvalidcredentials" time="0.01"/>
  <testcase classname="Groups._01_Login" name="loginwithInvalidemail" time="0.005"/>
  <testcase classname="Groups._01_Login" name="loginwithInvalidpassword" time="0.007"/>
  <testcase classname="Groups._01_Login" name="loginwthInvalidcredentials" time="0.004"/>
  <testcase classname="Groups._01_Login" name="loginwithoutvalidcredentials" time="0.004"/>
</testsuite> <!-- Default test -->
